<?xml version="1.0" encoding="UTF-8"?>
<!-- Generated by org.testng.reporters.JUnitReportReporter -->
<testsuite hostname="DESKTOP-ASKAAMO" failures="0" tests="4" name="testpack.TestNg" time="0.029" errors="0" timestamp="2022-10-26T00:35:49 IST" skipped="0">
  <testcase classname="testpack.TestNg" name="test1" time="0.011"/>
  <system-out/>
  <testcase classname="testpack.TestNg" name="test2" time="0.004"/>
  <system-out/>
  <testcase classname="testpack.TestNg" name="test4" time="0.006"/>
  <system-out/>
  <testcase classname="testpack.TestNg" name="test3" time="0.008"/>
  <system-out/>
</testsuite> <!-- testpack.TestNg -->
