<?xml version="1.0" encoding="UTF-8"?>
<!-- Generated by org.testng.reporters.JUnitReportReporter -->
<testsuite hostname="DESKTOP-ASKAAMO" failures="0" tests="2" name="testpack.TestNg01" time="0.022" errors="0" timestamp="2022-10-25T20:46:09 IST" skipped="0">
  <testcase classname="testpack.TestNg01" name="test3" time="0.010"/>
  <system-out/>
  <testcase classname="testpack.TestNg01" name="test4" time="0.012"/>
  <system-out/>
</testsuite> <!-- testpack.TestNg01 -->
