<?xml version="1.0" encoding="UTF-8"?>
<!-- Generated by org.testng.reporters.JUnitReportReporter -->
<testsuite hostname="DESKTOP-ASKAAMO" failures="0" tests="4" name="testpack.Verifytestclass" time="22.169" errors="0" timestamp="2022-10-26T00:33:56 IST" skipped="2">
  <testcase classname="testpack.Verifytestclass" name="verifyreturnbutton" time="0.000">
    <skipped/>
  </testcase> <!-- verifyreturnbutton -->
  <system-out/>
  <testcase classname="testpack.Verifytestclass" name="verifycontacttohelpbutton" time="0.000">
    <skipped/>
  </testcase> <!-- verifycontacttohelpbutton -->
  <system-out/>
  <testcase classname="testpack.Verifytestclass" name="verifycontacttohelpbutton" time="8.758"/>
  <system-out/>
  <testcase classname="testpack.Verifytestclass" name="verifyreturnbutton" time="13.411"/>
  <system-out/>
</testsuite> <!-- testpack.Verifytestclass -->
